[2024-01-31T20:10:38.817+0000] {taskinstance.py:1956} INFO - Dependencies all met for dep_context=non-requeueable deps ti=<TaskInstance: cleaning_data_final.loading_api_data.curl_api_request_wine manual__2024-01-31T20:10:21.949333+00:00 [queued]>
[2024-01-31T20:10:38.901+0000] {taskinstance.py:1956} INFO - Dependencies all met for dep_context=requeueable deps ti=<TaskInstance: cleaning_data_final.loading_api_data.curl_api_request_wine manual__2024-01-31T20:10:21.949333+00:00 [queued]>
[2024-01-31T20:10:38.933+0000] {taskinstance.py:2170} INFO - Starting attempt 1 of 1
[2024-01-31T20:10:39.077+0000] {taskinstance.py:2191} INFO - Executing <Task(BashOperator): loading_api_data.curl_api_request_wine> on 2024-01-31 20:10:21.949333+00:00
[2024-01-31T20:10:39.193+0000] {standard_task_runner.py:60} INFO - Started process 734 to run task
[2024-01-31T20:10:39.205+0000] {standard_task_runner.py:87} INFO - Running: ['***', 'tasks', 'run', 'cleaning_data_final', 'loading_api_data.curl_api_request_wine', 'manual__2024-01-31T20:10:21.949333+00:00', '--job-id', '451', '--raw', '--subdir', 'DAGS_FOLDER/Main_DAGS.py', '--cfg-path', '/tmp/tmpu9xati2p']
[2024-01-31T20:10:39.226+0000] {standard_task_runner.py:88} INFO - Job 451: Subtask loading_api_data.curl_api_request_wine
[2024-01-31T20:10:39.350+0000] {logging_mixin.py:188} WARNING - /home/***/.local/lib/python3.8/site-packages/***/settings.py:194 DeprecationWarning: The sql_alchemy_conn option in [core] has been moved to the sql_alchemy_conn option in [database] - the old setting has been used, but please update your config.
[2024-01-31T20:10:39.503+0000] {task_command.py:423} INFO - Running <TaskInstance: cleaning_data_final.loading_api_data.curl_api_request_wine manual__2024-01-31T20:10:21.949333+00:00 [running]> on host e7e4b550b444
[2024-01-31T20:10:40.046+0000] {taskinstance.py:2480} INFO - Exporting env vars: AIRFLOW_CTX_DAG_OWNER='***' AIRFLOW_CTX_DAG_ID='cleaning_data_final' AIRFLOW_CTX_TASK_ID='loading_api_data.curl_api_request_wine' AIRFLOW_CTX_EXECUTION_DATE='2024-01-31T20:10:21.949333+00:00' AIRFLOW_CTX_TRY_NUMBER='1' AIRFLOW_CTX_DAG_RUN_ID='manual__2024-01-31T20:10:21.949333+00:00'
[2024-01-31T20:10:40.065+0000] {subprocess.py:63} INFO - Tmp dir root location: /tmp
[2024-01-31T20:10:40.068+0000] {subprocess.py:75} INFO - Running command: ['/usr/bin/bash', '-c', "curl -X GET 'https://apide.fly.dev/wine' -o /opt/***/data/wine.json"]
[2024-01-31T20:10:40.291+0000] {subprocess.py:86} INFO - Output:
[2024-01-31T20:10:40.331+0000] {subprocess.py:93} INFO -   % Total    % Received % Xferd  Average Speed   Time    Time     Time  Current
[2024-01-31T20:10:40.344+0000] {subprocess.py:93} INFO -                                  Dload  Upload   Total   Spent    Left  Speed
[2024-01-31T20:10:42.140+0000] {subprocess.py:93} INFO -   0     0    0     0    0     0      0      0 --:--:-- --:--:-- --:--:--     0 53  568k   53  301k    0     0   219k      0  0:00:02  0:00:01  0:00:01  219k100  568k  100  568k    0     0   312k      0  0:00:01  0:00:01 --:--:--  312k
[2024-01-31T20:10:42.227+0000] {subprocess.py:97} INFO - Command exited with return code 0
[2024-01-31T20:10:42.411+0000] {taskinstance.py:1138} INFO - Marking task as SUCCESS. dag_id=cleaning_data_final, task_id=loading_api_data.curl_api_request_wine, execution_date=20240131T201021, start_date=20240131T201038, end_date=20240131T201042
[2024-01-31T20:10:42.596+0000] {local_task_job_runner.py:234} INFO - Task exited with return code 0
[2024-01-31T20:10:42.712+0000] {taskinstance.py:3280} INFO - 0 downstream tasks scheduled from follow-on schedule check
