[2024-01-31T21:51:23.527+0000] {taskinstance.py:1956} INFO - Dependencies all met for dep_context=non-requeueable deps ti=<TaskInstance: cleaning_data_final.loading_api_data.curl_api_request_ratings manual__2024-01-31T21:51:11.596653+00:00 [queued]>
[2024-01-31T21:51:23.604+0000] {taskinstance.py:1956} INFO - Dependencies all met for dep_context=requeueable deps ti=<TaskInstance: cleaning_data_final.loading_api_data.curl_api_request_ratings manual__2024-01-31T21:51:11.596653+00:00 [queued]>
[2024-01-31T21:51:23.614+0000] {taskinstance.py:2170} INFO - Starting attempt 1 of 1
[2024-01-31T21:51:23.804+0000] {taskinstance.py:2191} INFO - Executing <Task(BashOperator): loading_api_data.curl_api_request_ratings> on 2024-01-31 21:51:11.596653+00:00
[2024-01-31T21:51:23.838+0000] {standard_task_runner.py:60} INFO - Started process 977 to run task
[2024-01-31T21:51:23.948+0000] {standard_task_runner.py:87} INFO - Running: ['***', 'tasks', 'run', 'cleaning_data_final', 'loading_api_data.curl_api_request_ratings', 'manual__2024-01-31T21:51:11.596653+00:00', '--job-id', '571', '--raw', '--subdir', 'DAGS_FOLDER/Main_DAGS.py', '--cfg-path', '/tmp/tmpnypi7_ib']
[2024-01-31T21:51:23.957+0000] {standard_task_runner.py:88} INFO - Job 571: Subtask loading_api_data.curl_api_request_ratings
[2024-01-31T21:51:24.050+0000] {logging_mixin.py:188} WARNING - /home/***/.local/lib/python3.8/site-packages/***/settings.py:194 DeprecationWarning: The sql_alchemy_conn option in [core] has been moved to the sql_alchemy_conn option in [database] - the old setting has been used, but please update your config.
[2024-01-31T21:51:24.197+0000] {task_command.py:423} INFO - Running <TaskInstance: cleaning_data_final.loading_api_data.curl_api_request_ratings manual__2024-01-31T21:51:11.596653+00:00 [running]> on host e7e4b550b444
[2024-01-31T21:51:25.059+0000] {taskinstance.py:2480} INFO - Exporting env vars: AIRFLOW_CTX_DAG_OWNER='***' AIRFLOW_CTX_DAG_ID='cleaning_data_final' AIRFLOW_CTX_TASK_ID='loading_api_data.curl_api_request_ratings' AIRFLOW_CTX_EXECUTION_DATE='2024-01-31T21:51:11.596653+00:00' AIRFLOW_CTX_TRY_NUMBER='1' AIRFLOW_CTX_DAG_RUN_ID='manual__2024-01-31T21:51:11.596653+00:00'
[2024-01-31T21:51:25.089+0000] {subprocess.py:63} INFO - Tmp dir root location: /tmp
[2024-01-31T21:51:25.095+0000] {subprocess.py:75} INFO - Running command: ['/usr/bin/bash', '-c', "curl -X GET 'https://apide.fly.dev/ratings' -o /opt/***/data/ratings.json"]
[2024-01-31T21:51:25.139+0000] {subprocess.py:86} INFO - Output:
[2024-01-31T21:51:25.180+0000] {subprocess.py:93} INFO -   % Total    % Received % Xferd  Average Speed   Time    Time     Time  Current
[2024-01-31T21:51:25.188+0000] {subprocess.py:93} INFO -                                  Dload  Upload   Total   Spent    Left  Speed
[2024-01-31T21:51:26.042+0000] {subprocess.py:93} INFO -   0     0    0     0    0     0      0      0 --:--:-- --:--:-- --:--:--     0 30 35653   30 10928    0     0  13153      0  0:00:02 --:--:--  0:00:02 13150100 35653  100 35653    0     0  41231      0 --:--:-- --:--:-- --:--:-- 41217
[2024-01-31T21:51:26.047+0000] {subprocess.py:97} INFO - Command exited with return code 0
[2024-01-31T21:51:26.099+0000] {taskinstance.py:1138} INFO - Marking task as SUCCESS. dag_id=cleaning_data_final, task_id=loading_api_data.curl_api_request_ratings, execution_date=20240131T215111, start_date=20240131T215123, end_date=20240131T215126
[2024-01-31T21:51:26.134+0000] {local_task_job_runner.py:234} INFO - Task exited with return code 0
[2024-01-31T21:51:26.187+0000] {taskinstance.py:3280} INFO - 0 downstream tasks scheduled from follow-on schedule check
