[2024-01-31T21:23:21.456+0000] {taskinstance.py:1956} INFO - Dependencies all met for dep_context=non-requeueable deps ti=<TaskInstance: cleaning_data_final.loading_api_data.curl_api_request_ratings manual__2024-01-31T21:23:09.089356+00:00 [queued]>
[2024-01-31T21:23:21.496+0000] {taskinstance.py:1956} INFO - Dependencies all met for dep_context=requeueable deps ti=<TaskInstance: cleaning_data_final.loading_api_data.curl_api_request_ratings manual__2024-01-31T21:23:09.089356+00:00 [queued]>
[2024-01-31T21:23:21.588+0000] {taskinstance.py:2170} INFO - Starting attempt 1 of 1
[2024-01-31T21:23:21.901+0000] {taskinstance.py:2191} INFO - Executing <Task(BashOperator): loading_api_data.curl_api_request_ratings> on 2024-01-31 21:23:09.089356+00:00
[2024-01-31T21:23:21.957+0000] {standard_task_runner.py:60} INFO - Started process 234 to run task
[2024-01-31T21:23:21.978+0000] {standard_task_runner.py:87} INFO - Running: ['***', 'tasks', 'run', 'cleaning_data_final', 'loading_api_data.curl_api_request_ratings', 'manual__2024-01-31T21:23:09.089356+00:00', '--job-id', '511', '--raw', '--subdir', 'DAGS_FOLDER/Main_DAGS.py', '--cfg-path', '/tmp/tmphkf4ru2s']
[2024-01-31T21:23:22.006+0000] {standard_task_runner.py:88} INFO - Job 511: Subtask loading_api_data.curl_api_request_ratings
[2024-01-31T21:23:22.132+0000] {logging_mixin.py:188} WARNING - /home/***/.local/lib/python3.8/site-packages/***/settings.py:194 DeprecationWarning: The sql_alchemy_conn option in [core] has been moved to the sql_alchemy_conn option in [database] - the old setting has been used, but please update your config.
[2024-01-31T21:23:22.399+0000] {task_command.py:423} INFO - Running <TaskInstance: cleaning_data_final.loading_api_data.curl_api_request_ratings manual__2024-01-31T21:23:09.089356+00:00 [running]> on host e7e4b550b444
[2024-01-31T21:23:23.049+0000] {taskinstance.py:2480} INFO - Exporting env vars: AIRFLOW_CTX_DAG_OWNER='***' AIRFLOW_CTX_DAG_ID='cleaning_data_final' AIRFLOW_CTX_TASK_ID='loading_api_data.curl_api_request_ratings' AIRFLOW_CTX_EXECUTION_DATE='2024-01-31T21:23:09.089356+00:00' AIRFLOW_CTX_TRY_NUMBER='1' AIRFLOW_CTX_DAG_RUN_ID='manual__2024-01-31T21:23:09.089356+00:00'
[2024-01-31T21:23:23.079+0000] {subprocess.py:63} INFO - Tmp dir root location: /tmp
[2024-01-31T21:23:23.091+0000] {subprocess.py:75} INFO - Running command: ['/usr/bin/bash', '-c', "curl -X GET 'https://apide.fly.dev/ratings' -o /opt/***/data/ratings.json"]
[2024-01-31T21:23:23.161+0000] {subprocess.py:86} INFO - Output:
[2024-01-31T21:23:23.196+0000] {subprocess.py:93} INFO -   % Total    % Received % Xferd  Average Speed   Time    Time     Time  Current
[2024-01-31T21:23:23.224+0000] {subprocess.py:93} INFO -                                  Dload  Upload   Total   Spent    Left  Speed
[2024-01-31T21:23:24.375+0000] {subprocess.py:93} INFO -   0     0    0     0    0     0      0      0 --:--:-- --:--:-- --:--:--     0 29 35653   29 10575    0     0   9485      0  0:00:03  0:00:01  0:00:02  9492100 35653  100 35653    0     0  30038      0  0:00:01  0:00:01 --:--:-- 30061
[2024-01-31T21:23:24.397+0000] {subprocess.py:97} INFO - Command exited with return code 0
[2024-01-31T21:23:24.533+0000] {taskinstance.py:1138} INFO - Marking task as SUCCESS. dag_id=cleaning_data_final, task_id=loading_api_data.curl_api_request_ratings, execution_date=20240131T212309, start_date=20240131T212321, end_date=20240131T212324
[2024-01-31T21:23:24.941+0000] {local_task_job_runner.py:234} INFO - Task exited with return code 0
[2024-01-31T21:23:25.260+0000] {taskinstance.py:3280} INFO - 0 downstream tasks scheduled from follow-on schedule check
