[2024-01-31T21:51:24.271+0000] {taskinstance.py:1956} INFO - Dependencies all met for dep_context=non-requeueable deps ti=<TaskInstance: cleaning_data_final.loading_api_data.curl_api_request_wine manual__2024-01-31T21:51:11.596653+00:00 [queued]>
[2024-01-31T21:51:24.331+0000] {taskinstance.py:1956} INFO - Dependencies all met for dep_context=requeueable deps ti=<TaskInstance: cleaning_data_final.loading_api_data.curl_api_request_wine manual__2024-01-31T21:51:11.596653+00:00 [queued]>
[2024-01-31T21:51:24.341+0000] {taskinstance.py:2170} INFO - Starting attempt 1 of 1
[2024-01-31T21:51:24.528+0000] {taskinstance.py:2191} INFO - Executing <Task(BashOperator): loading_api_data.curl_api_request_wine> on 2024-01-31 21:51:11.596653+00:00
[2024-01-31T21:51:24.657+0000] {standard_task_runner.py:60} INFO - Started process 981 to run task
[2024-01-31T21:51:24.738+0000] {standard_task_runner.py:87} INFO - Running: ['***', 'tasks', 'run', 'cleaning_data_final', 'loading_api_data.curl_api_request_wine', 'manual__2024-01-31T21:51:11.596653+00:00', '--job-id', '573', '--raw', '--subdir', 'DAGS_FOLDER/Main_DAGS.py', '--cfg-path', '/tmp/tmps0ncx08x']
[2024-01-31T21:51:24.818+0000] {standard_task_runner.py:88} INFO - Job 573: Subtask loading_api_data.curl_api_request_wine
[2024-01-31T21:51:25.119+0000] {logging_mixin.py:188} WARNING - /home/***/.local/lib/python3.8/site-packages/***/settings.py:194 DeprecationWarning: The sql_alchemy_conn option in [core] has been moved to the sql_alchemy_conn option in [database] - the old setting has been used, but please update your config.
[2024-01-31T21:51:25.297+0000] {task_command.py:423} INFO - Running <TaskInstance: cleaning_data_final.loading_api_data.curl_api_request_wine manual__2024-01-31T21:51:11.596653+00:00 [running]> on host e7e4b550b444
[2024-01-31T21:51:25.545+0000] {taskinstance.py:2480} INFO - Exporting env vars: AIRFLOW_CTX_DAG_OWNER='***' AIRFLOW_CTX_DAG_ID='cleaning_data_final' AIRFLOW_CTX_TASK_ID='loading_api_data.curl_api_request_wine' AIRFLOW_CTX_EXECUTION_DATE='2024-01-31T21:51:11.596653+00:00' AIRFLOW_CTX_TRY_NUMBER='1' AIRFLOW_CTX_DAG_RUN_ID='manual__2024-01-31T21:51:11.596653+00:00'
[2024-01-31T21:51:25.550+0000] {subprocess.py:63} INFO - Tmp dir root location: /tmp
[2024-01-31T21:51:25.552+0000] {subprocess.py:75} INFO - Running command: ['/usr/bin/bash', '-c', "curl -X GET 'https://apide.fly.dev/wine' -o /opt/***/data/wine.json"]
[2024-01-31T21:51:25.571+0000] {subprocess.py:86} INFO - Output:
[2024-01-31T21:51:25.592+0000] {subprocess.py:93} INFO -   % Total    % Received % Xferd  Average Speed   Time    Time     Time  Current
[2024-01-31T21:51:25.594+0000] {subprocess.py:93} INFO -                                  Dload  Upload   Total   Spent    Left  Speed
[2024-01-31T21:51:26.550+0000] {subprocess.py:93} INFO -   0     0    0     0    0     0      0      0 --:--:-- --:--:-- --:--:--     0  1  568k    1 10575    0     0  12969      0  0:00:44 --:--:--  0:00:44 12959100  568k  100  568k    0     0   593k      0 --:--:-- --:--:-- --:--:--  593k
[2024-01-31T21:51:26.559+0000] {subprocess.py:97} INFO - Command exited with return code 0
[2024-01-31T21:51:26.630+0000] {taskinstance.py:1138} INFO - Marking task as SUCCESS. dag_id=cleaning_data_final, task_id=loading_api_data.curl_api_request_wine, execution_date=20240131T215111, start_date=20240131T215124, end_date=20240131T215126
[2024-01-31T21:51:26.746+0000] {local_task_job_runner.py:234} INFO - Task exited with return code 0
[2024-01-31T21:51:26.853+0000] {taskinstance.py:3280} INFO - 1 downstream tasks scheduled from follow-on schedule check
