[2024-01-31T21:36:49.030+0000] {taskinstance.py:1956} INFO - Dependencies all met for dep_context=non-requeueable deps ti=<TaskInstance: cleaning_data_final.loading_api_data.curl_api_request_ratings manual__2024-01-31T21:36:38.375651+00:00 [queued]>
[2024-01-31T21:36:49.058+0000] {taskinstance.py:1956} INFO - Dependencies all met for dep_context=requeueable deps ti=<TaskInstance: cleaning_data_final.loading_api_data.curl_api_request_ratings manual__2024-01-31T21:36:38.375651+00:00 [queued]>
[2024-01-31T21:36:49.121+0000] {taskinstance.py:2170} INFO - Starting attempt 1 of 1
[2024-01-31T21:36:49.267+0000] {taskinstance.py:2191} INFO - Executing <Task(BashOperator): loading_api_data.curl_api_request_ratings> on 2024-01-31 21:36:38.375651+00:00
[2024-01-31T21:36:49.291+0000] {standard_task_runner.py:60} INFO - Started process 217 to run task
[2024-01-31T21:36:49.305+0000] {standard_task_runner.py:87} INFO - Running: ['***', 'tasks', 'run', 'cleaning_data_final', 'loading_api_data.curl_api_request_ratings', 'manual__2024-01-31T21:36:38.375651+00:00', '--job-id', '542', '--raw', '--subdir', 'DAGS_FOLDER/Main_DAGS.py', '--cfg-path', '/tmp/tmpwjtsm24g']
[2024-01-31T21:36:49.315+0000] {standard_task_runner.py:88} INFO - Job 542: Subtask loading_api_data.curl_api_request_ratings
[2024-01-31T21:36:49.451+0000] {logging_mixin.py:188} WARNING - /home/***/.local/lib/python3.8/site-packages/***/settings.py:194 DeprecationWarning: The sql_alchemy_conn option in [core] has been moved to the sql_alchemy_conn option in [database] - the old setting has been used, but please update your config.
[2024-01-31T21:36:49.760+0000] {task_command.py:423} INFO - Running <TaskInstance: cleaning_data_final.loading_api_data.curl_api_request_ratings manual__2024-01-31T21:36:38.375651+00:00 [running]> on host e7e4b550b444
[2024-01-31T21:36:50.335+0000] {taskinstance.py:2480} INFO - Exporting env vars: AIRFLOW_CTX_DAG_OWNER='***' AIRFLOW_CTX_DAG_ID='cleaning_data_final' AIRFLOW_CTX_TASK_ID='loading_api_data.curl_api_request_ratings' AIRFLOW_CTX_EXECUTION_DATE='2024-01-31T21:36:38.375651+00:00' AIRFLOW_CTX_TRY_NUMBER='1' AIRFLOW_CTX_DAG_RUN_ID='manual__2024-01-31T21:36:38.375651+00:00'
[2024-01-31T21:36:50.369+0000] {subprocess.py:63} INFO - Tmp dir root location: /tmp
[2024-01-31T21:36:50.399+0000] {subprocess.py:75} INFO - Running command: ['/usr/bin/bash', '-c', "curl -X GET 'https://apide.fly.dev/ratings' -o /opt/***/data/ratings.json"]
[2024-01-31T21:36:50.473+0000] {subprocess.py:86} INFO - Output:
[2024-01-31T21:36:50.517+0000] {subprocess.py:93} INFO -   % Total    % Received % Xferd  Average Speed   Time    Time     Time  Current
[2024-01-31T21:36:50.543+0000] {subprocess.py:93} INFO -                                  Dload  Upload   Total   Spent    Left  Speed
[2024-01-31T21:36:52.171+0000] {subprocess.py:93} INFO -   0     0    0     0    0     0      0      0 --:--:-- --:--:-- --:--:--     0  0     0    0     0    0     0      0      0 --:--:-- --:--:-- --:--:--     0100 35653  100 35653    0     0  21740      0  0:00:01  0:00:01 --:--:-- 21739100 35653  100 35653    0     0  21739      0  0:00:01  0:00:01 --:--:-- 21739
[2024-01-31T21:36:52.200+0000] {subprocess.py:97} INFO - Command exited with return code 0
[2024-01-31T21:36:52.392+0000] {taskinstance.py:1138} INFO - Marking task as SUCCESS. dag_id=cleaning_data_final, task_id=loading_api_data.curl_api_request_ratings, execution_date=20240131T213638, start_date=20240131T213649, end_date=20240131T213652
[2024-01-31T21:36:52.474+0000] {local_task_job_runner.py:234} INFO - Task exited with return code 0
[2024-01-31T21:36:52.565+0000] {taskinstance.py:3280} INFO - 0 downstream tasks scheduled from follow-on schedule check
