[2024-01-31T21:58:20.198+0000] {taskinstance.py:1956} INFO - Dependencies all met for dep_context=non-requeueable deps ti=<TaskInstance: cleaning_data_final.loading_api_data.curl_api_request_wine manual__2024-01-31T21:58:07.684342+00:00 [queued]>
[2024-01-31T21:58:20.279+0000] {taskinstance.py:1956} INFO - Dependencies all met for dep_context=requeueable deps ti=<TaskInstance: cleaning_data_final.loading_api_data.curl_api_request_wine manual__2024-01-31T21:58:07.684342+00:00 [queued]>
[2024-01-31T21:58:20.309+0000] {taskinstance.py:2170} INFO - Starting attempt 1 of 1
[2024-01-31T21:58:20.548+0000] {taskinstance.py:2191} INFO - Executing <Task(BashOperator): loading_api_data.curl_api_request_wine> on 2024-01-31 21:58:07.684342+00:00
[2024-01-31T21:58:20.588+0000] {standard_task_runner.py:60} INFO - Started process 1410 to run task
[2024-01-31T21:58:20.599+0000] {standard_task_runner.py:87} INFO - Running: ['***', 'tasks', 'run', 'cleaning_data_final', 'loading_api_data.curl_api_request_wine', 'manual__2024-01-31T21:58:07.684342+00:00', '--job-id', '601', '--raw', '--subdir', 'DAGS_FOLDER/Main_DAGS.py', '--cfg-path', '/tmp/tmpmcqujrcw']
[2024-01-31T21:58:20.747+0000] {standard_task_runner.py:88} INFO - Job 601: Subtask loading_api_data.curl_api_request_wine
[2024-01-31T21:58:21.234+0000] {logging_mixin.py:188} WARNING - /home/***/.local/lib/python3.8/site-packages/***/settings.py:194 DeprecationWarning: The sql_alchemy_conn option in [core] has been moved to the sql_alchemy_conn option in [database] - the old setting has been used, but please update your config.
[2024-01-31T21:58:21.785+0000] {task_command.py:423} INFO - Running <TaskInstance: cleaning_data_final.loading_api_data.curl_api_request_wine manual__2024-01-31T21:58:07.684342+00:00 [running]> on host e7e4b550b444
[2024-01-31T21:58:22.781+0000] {taskinstance.py:2480} INFO - Exporting env vars: AIRFLOW_CTX_DAG_OWNER='***' AIRFLOW_CTX_DAG_ID='cleaning_data_final' AIRFLOW_CTX_TASK_ID='loading_api_data.curl_api_request_wine' AIRFLOW_CTX_EXECUTION_DATE='2024-01-31T21:58:07.684342+00:00' AIRFLOW_CTX_TRY_NUMBER='1' AIRFLOW_CTX_DAG_RUN_ID='manual__2024-01-31T21:58:07.684342+00:00'
[2024-01-31T21:58:22.825+0000] {subprocess.py:63} INFO - Tmp dir root location: /tmp
[2024-01-31T21:58:22.866+0000] {subprocess.py:75} INFO - Running command: ['/usr/bin/bash', '-c', "curl -X GET 'https://apide.fly.dev/wine' -o /opt/***/data/wine.json"]
[2024-01-31T21:58:23.132+0000] {subprocess.py:86} INFO - Output:
[2024-01-31T21:58:23.165+0000] {subprocess.py:93} INFO -   % Total    % Received % Xferd  Average Speed   Time    Time     Time  Current
[2024-01-31T21:58:23.195+0000] {subprocess.py:93} INFO -                                  Dload  Upload   Total   Spent    Left  Speed
[2024-01-31T21:58:24.967+0000] {subprocess.py:93} INFO -   0     0    0     0    0     0      0      0 --:--:-- --:--:-- --:--:--     0 43  568k   43  245k    0     0   148k      0  0:00:03  0:00:01  0:00:02  148k 80  568k   80  459k    0     0   256k      0  0:00:02  0:00:01  0:00:01  256k100  568k  100  568k    0     0   313k      0  0:00:01  0:00:01 --:--:--  313k
[2024-01-31T21:58:24.979+0000] {subprocess.py:97} INFO - Command exited with return code 0
[2024-01-31T21:58:25.091+0000] {taskinstance.py:1138} INFO - Marking task as SUCCESS. dag_id=cleaning_data_final, task_id=loading_api_data.curl_api_request_wine, execution_date=20240131T215807, start_date=20240131T215820, end_date=20240131T215825
[2024-01-31T21:58:25.199+0000] {local_task_job_runner.py:234} INFO - Task exited with return code 0
[2024-01-31T21:58:25.293+0000] {taskinstance.py:3280} INFO - 1 downstream tasks scheduled from follow-on schedule check
