[2024-01-31T21:58:20.038+0000] {taskinstance.py:1956} INFO - Dependencies all met for dep_context=non-requeueable deps ti=<TaskInstance: cleaning_data_final.loading_api_data.curl_api_request_ratings manual__2024-01-31T21:58:07.684342+00:00 [queued]>
[2024-01-31T21:58:20.242+0000] {taskinstance.py:1956} INFO - Dependencies all met for dep_context=requeueable deps ti=<TaskInstance: cleaning_data_final.loading_api_data.curl_api_request_ratings manual__2024-01-31T21:58:07.684342+00:00 [queued]>
[2024-01-31T21:58:20.268+0000] {taskinstance.py:2170} INFO - Starting attempt 1 of 1
[2024-01-31T21:58:20.438+0000] {taskinstance.py:2191} INFO - Executing <Task(BashOperator): loading_api_data.curl_api_request_ratings> on 2024-01-31 21:58:07.684342+00:00
[2024-01-31T21:58:20.550+0000] {standard_task_runner.py:60} INFO - Started process 1409 to run task
[2024-01-31T21:58:20.582+0000] {standard_task_runner.py:87} INFO - Running: ['***', 'tasks', 'run', 'cleaning_data_final', 'loading_api_data.curl_api_request_ratings', 'manual__2024-01-31T21:58:07.684342+00:00', '--job-id', '599', '--raw', '--subdir', 'DAGS_FOLDER/Main_DAGS.py', '--cfg-path', '/tmp/tmpbp71c89v']
[2024-01-31T21:58:20.594+0000] {standard_task_runner.py:88} INFO - Job 599: Subtask loading_api_data.curl_api_request_ratings
[2024-01-31T21:58:20.795+0000] {logging_mixin.py:188} WARNING - /home/***/.local/lib/python3.8/site-packages/***/settings.py:194 DeprecationWarning: The sql_alchemy_conn option in [core] has been moved to the sql_alchemy_conn option in [database] - the old setting has been used, but please update your config.
[2024-01-31T21:58:21.065+0000] {task_command.py:423} INFO - Running <TaskInstance: cleaning_data_final.loading_api_data.curl_api_request_ratings manual__2024-01-31T21:58:07.684342+00:00 [running]> on host e7e4b550b444
[2024-01-31T21:58:22.378+0000] {taskinstance.py:2480} INFO - Exporting env vars: AIRFLOW_CTX_DAG_OWNER='***' AIRFLOW_CTX_DAG_ID='cleaning_data_final' AIRFLOW_CTX_TASK_ID='loading_api_data.curl_api_request_ratings' AIRFLOW_CTX_EXECUTION_DATE='2024-01-31T21:58:07.684342+00:00' AIRFLOW_CTX_TRY_NUMBER='1' AIRFLOW_CTX_DAG_RUN_ID='manual__2024-01-31T21:58:07.684342+00:00'
[2024-01-31T21:58:22.461+0000] {subprocess.py:63} INFO - Tmp dir root location: /tmp
[2024-01-31T21:58:22.551+0000] {subprocess.py:75} INFO - Running command: ['/usr/bin/bash', '-c', "curl -X GET 'https://apide.fly.dev/ratings' -o /opt/***/data/ratings.json"]
[2024-01-31T21:58:22.700+0000] {subprocess.py:86} INFO - Output:
[2024-01-31T21:58:22.743+0000] {subprocess.py:93} INFO -   % Total    % Received % Xferd  Average Speed   Time    Time     Time  Current
[2024-01-31T21:58:22.762+0000] {subprocess.py:93} INFO -                                  Dload  Upload   Total   Spent    Left  Speed
[2024-01-31T21:58:23.993+0000] {subprocess.py:93} INFO -   0     0    0     0    0     0      0      0 --:--:-- --:--:-- --:--:--     0  0     0    0     0    0     0      0      0 --:--:-- --:--:-- --:--:--     0 29 35653   29 10575    0     0   8567      0  0:00:04  0:00:01  0:00:03  8562100 35653  100 35653    0     0  28480      0  0:00:01  0:00:01 --:--:-- 28476
[2024-01-31T21:58:24.010+0000] {subprocess.py:97} INFO - Command exited with return code 0
[2024-01-31T21:58:24.138+0000] {taskinstance.py:1138} INFO - Marking task as SUCCESS. dag_id=cleaning_data_final, task_id=loading_api_data.curl_api_request_ratings, execution_date=20240131T215807, start_date=20240131T215820, end_date=20240131T215824
[2024-01-31T21:58:24.203+0000] {local_task_job_runner.py:234} INFO - Task exited with return code 0
[2024-01-31T21:58:24.305+0000] {taskinstance.py:3280} INFO - 0 downstream tasks scheduled from follow-on schedule check
