[2024-01-31T20:04:52.577+0000] {taskinstance.py:1956} INFO - Dependencies all met for dep_context=non-requeueable deps ti=<TaskInstance: big_query_dashboard_final.insert_data_into_cluster_table_wine manual__2024-01-31T20:03:45.014289+00:00 [queued]>
[2024-01-31T20:04:52.614+0000] {taskinstance.py:1956} INFO - Dependencies all met for dep_context=requeueable deps ti=<TaskInstance: big_query_dashboard_final.insert_data_into_cluster_table_wine manual__2024-01-31T20:03:45.014289+00:00 [queued]>
[2024-01-31T20:04:52.619+0000] {taskinstance.py:2170} INFO - Starting attempt 1 of 1
[2024-01-31T20:04:52.670+0000] {taskinstance.py:2191} INFO - Executing <Task(BigQueryExecuteQueryOperator): insert_data_into_cluster_table_wine> on 2024-01-31 20:03:45.014289+00:00
[2024-01-31T20:04:52.695+0000] {standard_task_runner.py:60} INFO - Started process 471 to run task
[2024-01-31T20:04:52.706+0000] {standard_task_runner.py:87} INFO - Running: ['***', 'tasks', 'run', 'big_query_dashboard_final', 'insert_data_into_cluster_table_wine', 'manual__2024-01-31T20:03:45.014289+00:00', '--job-id', '448', '--raw', '--subdir', 'DAGS_FOLDER/Main_DAGS.py', '--cfg-path', '/tmp/tmp4kc7siky']
[2024-01-31T20:04:52.712+0000] {standard_task_runner.py:88} INFO - Job 448: Subtask insert_data_into_cluster_table_wine
[2024-01-31T20:04:52.778+0000] {logging_mixin.py:188} WARNING - /home/***/.local/lib/python3.8/site-packages/***/settings.py:194 DeprecationWarning: The sql_alchemy_conn option in [core] has been moved to the sql_alchemy_conn option in [database] - the old setting has been used, but please update your config.
[2024-01-31T20:04:52.932+0000] {task_command.py:423} INFO - Running <TaskInstance: big_query_dashboard_final.insert_data_into_cluster_table_wine manual__2024-01-31T20:03:45.014289+00:00 [running]> on host e7e4b550b444
[2024-01-31T20:04:53.131+0000] {taskinstance.py:2480} INFO - Exporting env vars: AIRFLOW_CTX_DAG_OWNER='***' AIRFLOW_CTX_DAG_ID='big_query_dashboard_final' AIRFLOW_CTX_TASK_ID='insert_data_into_cluster_table_wine' AIRFLOW_CTX_EXECUTION_DATE='2024-01-31T20:03:45.014289+00:00' AIRFLOW_CTX_TRY_NUMBER='1' AIRFLOW_CTX_DAG_RUN_ID='manual__2024-01-31T20:03:45.014289+00:00'
[2024-01-31T20:04:53.145+0000] {bigquery.py:1245} INFO - Executing: 
            INSERT INTO `wine-de-dashboard.dashboard_dataset.wines_table_clustered` (ABV, Acidity, Body, Country, 
            Elaborate, Type, wine_url, Vintages, WineID, WineName, Avg_Rating)
            SELECT 
                CAST(ABV AS FLOAT64),
                Acidity, 
                Body, 
                Country, 
                Elaborate, 
                Type, 
                wine_url, 
                REPLACE(REPLACE(Vintages, ']', ''), '[', '') as Vintages, 
                WineID, 
                WineName, 
                ROUND(Avg_Rating,2) AS Avg_Rating
            FROM `wine-de-dashboard.dashboard_dataset.wines_table`
            
[2024-01-31T20:04:53.149+0000] {crypto.py:82} WARNING - empty cryptography key - values will not be stored encrypted.
[2024-01-31T20:04:53.150+0000] {connection.py:234} WARNING - Connection schemes (type: google_cloud_platform) shall not contain '_' according to RFC3986.
[2024-01-31T20:04:53.163+0000] {base.py:83} INFO - Using connection ID 'google_cloud_default' for task execution.
[2024-01-31T20:04:53.182+0000] {logging_mixin.py:188} WARNING - /home/***/.local/lib/python3.8/site-packages/***/providers/google/cloud/hooks/bigquery.py:2109 AirflowProviderDeprecationWarning: This method is deprecated. Please use `BigQueryHook.insert_job` method.
[2024-01-31T20:04:53.393+0000] {bigquery.py:1596} INFO - Inserting job ***_1706731493392488_1b4732dd25253a12caf9f12ff2f592f1
[2024-01-31T20:04:56.502+0000] {taskinstance.py:1138} INFO - Marking task as SUCCESS. dag_id=big_query_dashboard_final, task_id=insert_data_into_cluster_table_wine, execution_date=20240131T200345, start_date=20240131T200452, end_date=20240131T200456
[2024-01-31T20:04:56.561+0000] {local_task_job_runner.py:234} INFO - Task exited with return code 0
[2024-01-31T20:04:56.601+0000] {taskinstance.py:3280} INFO - 1 downstream tasks scheduled from follow-on schedule check
